<?xml version="1.0" encoding="UTF-8"?>
<testng-results skipped="0" failed="0" ignored="0" total="0" passed="0">
  <reporter-output>
  </reporter-output>
  <suite name="com.AAflightBooking.Utils.TestUtil" duration-ms="8" started-at="2022-06-11T21:29:42Z" finished-at="2022-06-11T21:29:42Z">
    <groups>
    </groups>
    <test name="Command line test" duration-ms="8" started-at="2022-06-11T21:29:42Z" finished-at="2022-06-11T21:29:42Z">
    </test> <!-- Command line test -->
  </suite> <!-- com.AAflightBooking.Utils.TestUtil -->
</testng-results>
