<?xml version="1.0" encoding="UTF-8"?>
<testng-results skipped="0" failed="0" ignored="0" total="1" passed="1">
  <reporter-output>
  </reporter-output>
  <suite name="AA FlightBooking Automation Test Suite" duration-ms="53836" started-at="2022-06-13T21:15:12Z" finished-at="2022-06-13T21:16:06Z">
    <groups>
    </groups>
    <test name="AA_FlightBooking_TestCase_002" duration-ms="53836" started-at="2022-06-13T21:15:12Z" finished-at="2022-06-13T21:16:06Z">
      <class name="com.AAflightBooking.TestCases.LoginPageTest">
        <test-method status="PASS" signature="setUp()[pri:0, instance:com.AAflightBooking.TestCases.LoginPageTest@343f4d3d]" name="setUp" is-config="true" duration-ms="38254" started-at="2022-06-13T21:15:12Z" finished-at="2022-06-13T21:15:50Z">
          <reporter-output>
          </reporter-output>
        </test-method> <!-- setUp -->
        <test-method status="PASS" signature="validUserShouldLoginUsingValidCredentialsTest(java.lang.String, java.lang.String, java.lang.String)[pri:0, instance:com.AAflightBooking.TestCases.LoginPageTest@343f4d3d]" name="validUserShouldLoginUsingValidCredentialsTest" duration-ms="15553" started-at="2022-06-13T21:15:50Z" finished-at="2022-06-13T21:16:06Z">
          <params>
            <param index="0">
              <value>
                <![CDATA[Sampleone]]>
              </value>
            </param>
            <param index="1">
              <value>
                <![CDATA[login]]>
              </value>
            </param>
            <param index="2">
              <value>
                <![CDATA[1234567890]]>
              </value>
            </param>
          </params>
          <reporter-output>
          </reporter-output>
        </test-method> <!-- validUserShouldLoginUsingValidCredentialsTest -->
      </class> <!-- com.AAflightBooking.TestCases.LoginPageTest -->
    </test> <!-- AA_FlightBooking_TestCase_002 -->
  </suite> <!-- AA FlightBooking Automation Test Suite -->
</testng-results>
